2020-07-07 12:04:39.058  INFO [user-service,,,] 5232 --- [restartedMain] c.e.b.s.u.UserServiceApplication         : The following profiles are active: dev
2020-07-07 12:04:41.270  INFO [user-service,,,] 5232 --- [restartedMain] .s.d.r.c.RepositoryConfigurationDelegate : Bootstrapping Spring Data JPA repositories in DEFERRED mode.
2020-07-07 12:04:41.390  INFO [user-service,,,] 5232 --- [restartedMain] .s.d.r.c.RepositoryConfigurationDelegate : Finished Spring Data repository scanning in 105ms. Found 2 JPA repository interfaces.
2020-07-07 12:04:41.610  WARN [user-service,,,] 5232 --- [restartedMain] o.s.boot.actuate.endpoint.EndpointId     : Endpoint ID 'service-registry' contains invalid characters, please migrate to a valid format.
2020-07-07 12:04:42.140  INFO [user-service,,,] 5232 --- [restartedMain] o.s.cloud.context.scope.GenericScope     : BeanFactory id=d87cb3f9-e905-3e7b-bf7a-b23886084d58
2020-07-07 12:04:43.614  INFO [user-service,,,] 5232 --- [restartedMain] o.s.b.w.embedded.tomcat.TomcatWebServer  : Tomcat initialized with port(s): 8081 (http)
2020-07-07 12:04:43.654  INFO [user-service,,,] 5232 --- [restartedMain] o.apache.catalina.core.StandardService   : Starting service [Tomcat]
2020-07-07 12:04:43.654  INFO [user-service,,,] 5232 --- [restartedMain] org.apache.catalina.core.StandardEngine  : Starting Servlet engine: [Apache Tomcat/9.0.36]
2020-07-07 12:04:43.884  INFO [user-service,,,] 5232 --- [restartedMain] o.a.c.c.C.[Tomcat].[localhost].[/]       : Initializing Spring embedded WebApplicationContext
2020-07-07 12:04:43.884  INFO [user-service,,,] 5232 --- [restartedMain] w.s.c.ServletWebServerApplicationContext : Root WebApplicationContext: initialization completed in 4796 ms
2020-07-07 12:04:44.064  WARN [user-service,,,] 5232 --- [restartedMain] c.n.c.sources.URLConfigurationSource     : No URLs will be polled as dynamic configuration sources.
2020-07-07 12:04:44.064  INFO [user-service,,,] 5232 --- [restartedMain] c.n.c.sources.URLConfigurationSource     : To enable URLs as dynamic configuration sources, define System property archaius.configurationSource.additionalUrls or make config.properties available on classpath.
2020-07-07 12:04:44.074  INFO [user-service,,,] 5232 --- [restartedMain] c.netflix.config.DynamicPropertyFactory  : DynamicPropertyFactory is initialized with configuration sources: com.netflix.config.ConcurrentCompositeConfiguration@12cf46da
2020-07-07 12:04:46.064  INFO [user-service,,,] 5232 --- [restartedMain] o.s.s.concurrent.ThreadPoolTaskExecutor  : Initializing ExecutorService 'applicationTaskExecutor'
2020-07-07 12:04:46.164  INFO [user-service,,,] 5232 --- [task-1] o.hibernate.jpa.internal.util.LogHelper  : HHH000204: Processing PersistenceUnitInfo [name: default]
2020-07-07 12:04:46.244  INFO [user-service,,,] 5232 --- [task-1] org.hibernate.Version                    : HHH000412: Hibernate ORM core version 5.4.17.Final
2020-07-07 12:04:46.484  INFO [user-service,,,] 5232 --- [task-1] o.hibernate.annotations.common.Version   : HCANN000001: Hibernate Commons Annotations {5.1.0.Final}
2020-07-07 12:04:46.674  INFO [user-service,,,] 5232 --- [task-1] com.zaxxer.hikari.HikariDataSource       : HikariPool-1 - Starting...
2020-07-07 12:04:46.837  WARN [user-service,,,] 5232 --- [restartedMain] JpaBaseConfiguration$JpaWebConfiguration : spring.jpa.open-in-view is enabled by default. Therefore, database queries may be performed during view rendering. Explicitly configure spring.jpa.open-in-view to disable this warning
2020-07-07 12:04:47.128  INFO [user-service,,,] 5232 --- [task-1] com.zaxxer.hikari.HikariDataSource       : HikariPool-1 - Start completed.
2020-07-07 12:04:47.158  INFO [user-service,,,] 5232 --- [task-1] org.hibernate.dialect.Dialect            : HHH000400: Using dialect: org.hibernate.dialect.Oracle10gDialect
2020-07-07 12:04:47.188  INFO [user-service,,,] 5232 --- [restartedMain] o.s.b.a.e.web.EndpointLinksResolver      : Exposing 18 endpoint(s) beneath base path '/actuator'
2020-07-07 12:04:47.500  INFO [user-service,,,] 5232 --- [restartedMain] pertySourcedRequestMappingHandlerMapping : Mapped URL path [/v2/api-docs] onto method [springfox.documentation.swagger2.web.Swagger2Controller#getDocumentation(String, HttpServletRequest)]
2020-07-07 12:04:47.550  WARN [user-service,,,] 5232 --- [restartedMain] c.n.c.sources.URLConfigurationSource     : No URLs will be polled as dynamic configuration sources.
2020-07-07 12:04:47.550  INFO [user-service,,,] 5232 --- [restartedMain] c.n.c.sources.URLConfigurationSource     : To enable URLs as dynamic configuration sources, define System property archaius.configurationSource.additionalUrls or make config.properties available on classpath.
2020-07-07 12:04:48.480  INFO [user-service,,,] 5232 --- [restartedMain] o.s.b.d.a.OptionalLiveReloadServer       : LiveReload server is running on port 35729
2020-07-07 12:04:50.750  INFO [user-service,,,] 5232 --- [task-1] o.h.e.t.j.p.i.JtaPlatformInitiator       : HHH000490: Using JtaPlatform implementation: [org.hibernate.engine.transaction.jta.platform.internal.NoJtaPlatform]
2020-07-07 12:04:50.780  INFO [user-service,,,] 5232 --- [task-1] j.LocalContainerEntityManagerFactoryBean : Initialized JPA EntityManagerFactory for persistence unit 'default'
2020-07-07 12:04:51.472  WARN [user-service,,,] 5232 --- [restartedMain] ockingLoadBalancerClientRibbonWarnLogger : You already have RibbonLoadBalancerClient on your classpath. It will be used by default. As Spring Cloud Ribbon is in maintenance mode. We recommend switching to BlockingLoadBalancerClient instead. In order to use it, set the value of `spring.cloud.loadbalancer.ribbon.enabled` to `false` or remove spring-cloud-starter-netflix-ribbon from your project.
2020-07-07 12:04:51.952  INFO [user-service,,,] 5232 --- [restartedMain] o.s.c.n.eureka.InstanceInfoFactory       : Setting initial instance status as: STARTING
2020-07-07 12:04:51.982  INFO [user-service,,,] 5232 --- [restartedMain] com.netflix.discovery.DiscoveryClient    : Initializing Eureka in region us-east-1
2020-07-07 12:04:52.112  INFO [user-service,,,] 5232 --- [restartedMain] c.n.d.provider.DiscoveryJerseyProvider   : Using JSON encoding codec LegacyJacksonJson
2020-07-07 12:04:52.112  INFO [user-service,,,] 5232 --- [restartedMain] c.n.d.provider.DiscoveryJerseyProvider   : Using JSON decoding codec LegacyJacksonJson
2020-07-07 12:04:52.292  INFO [user-service,,,] 5232 --- [restartedMain] c.n.d.provider.DiscoveryJerseyProvider   : Using XML encoding codec XStreamXml
2020-07-07 12:04:52.292  INFO [user-service,,,] 5232 --- [restartedMain] c.n.d.provider.DiscoveryJerseyProvider   : Using XML decoding codec XStreamXml
2020-07-07 12:04:52.492  INFO [user-service,,,] 5232 --- [restartedMain] c.n.d.s.r.aws.ConfigClusterResolver      : Resolving eureka endpoints via configuration
2020-07-07 12:04:52.552  INFO [user-service,,,] 5232 --- [restartedMain] com.netflix.discovery.DiscoveryClient    : Disable delta property : false
2020-07-07 12:04:52.552  INFO [user-service,,,] 5232 --- [restartedMain] com.netflix.discovery.DiscoveryClient    : Single vip registry refresh property : null
2020-07-07 12:04:52.552  INFO [user-service,,,] 5232 --- [restartedMain] com.netflix.discovery.DiscoveryClient    : Force full registry fetch : false
2020-07-07 12:04:52.552  INFO [user-service,,,] 5232 --- [restartedMain] com.netflix.discovery.DiscoveryClient    : Application is null : false
2020-07-07 12:04:52.552  INFO [user-service,,,] 5232 --- [restartedMain] com.netflix.discovery.DiscoveryClient    : Registered Applications size is zero : true
2020-07-07 12:04:52.552  INFO [user-service,,,] 5232 --- [restartedMain] com.netflix.discovery.DiscoveryClient    : Application version is -1: true
2020-07-07 12:04:52.552  INFO [user-service,,,] 5232 --- [restartedMain] com.netflix.discovery.DiscoveryClient    : Getting all instance registry info from the eureka server
2020-07-07 12:04:52.712  INFO [user-service,,,] 5232 --- [restartedMain] com.netflix.discovery.DiscoveryClient    : The response status is 200
2020-07-07 12:04:52.722  INFO [user-service,,,] 5232 --- [restartedMain] com.netflix.discovery.DiscoveryClient    : Starting heartbeat executor: renew interval is: 30
2020-07-07 12:04:52.722  INFO [user-service,,,] 5232 --- [restartedMain] c.n.discovery.InstanceInfoReplicator     : InstanceInfoReplicator onDemand update allowed rate per min is 4
2020-07-07 12:04:52.742  INFO [user-service,,,] 5232 --- [restartedMain] com.netflix.discovery.DiscoveryClient    : Discovery Client initialized at timestamp 1594109092732 with initial instances count: 2
2020-07-07 12:04:52.762  INFO [user-service,,,] 5232 --- [restartedMain] o.s.c.n.e.s.EurekaServiceRegistry        : Registering application USER-SERVICE with eureka with status UP
2020-07-07 12:04:52.762  INFO [user-service,,,] 5232 --- [restartedMain] com.netflix.discovery.DiscoveryClient    : Saw local status change event StatusChangeEvent [timestamp=1594109092762, current=UP, previous=STARTING]
2020-07-07 12:04:52.782  INFO [user-service,,,] 5232 --- [DiscoveryClient-InstanceInfoReplicator-0] com.netflix.discovery.DiscoveryClient    : DiscoveryClient_USER-SERVICE/Yadigar-PC:user-service:8081: registering service...
2020-07-07 12:04:52.902  INFO [user-service,,,] 5232 --- [DiscoveryClient-InstanceInfoReplicator-0] com.netflix.discovery.DiscoveryClient    : DiscoveryClient_USER-SERVICE/Yadigar-PC:user-service:8081 - registration status: 204
2020-07-07 12:04:53.052  INFO [user-service,,,] 5232 --- [restartedMain] o.s.b.w.embedded.tomcat.TomcatWebServer  : Tomcat started on port(s): 8081 (http) with context path ''
2020-07-07 12:04:53.052  INFO [user-service,,,] 5232 --- [restartedMain] .s.c.n.e.s.EurekaAutoServiceRegistration : Updating port to 8081
2020-07-07 12:04:53.162  INFO [user-service,,,] 5232 --- [restartedMain] d.s.w.p.DocumentationPluginsBootstrapper : Context refreshed
2020-07-07 12:04:53.252  INFO [user-service,,,] 5232 --- [restartedMain] d.s.w.p.DocumentationPluginsBootstrapper : Found 1 custom documentation plugin(s)
2020-07-07 12:04:53.342  INFO [user-service,,,] 5232 --- [restartedMain] s.d.s.w.s.ApiListingReferenceScanner     : Scanning for api listing references
2020-07-07 12:04:53.512  INFO [user-service,,,] 5232 --- [restartedMain] DeferredRepositoryInitializationListener : Triggering deferred initialization of Spring Data repositories…
2020-07-07 12:04:54.102  INFO [user-service,,,] 5232 --- [restartedMain] DeferredRepositoryInitializationListener : Spring Data repositories initialized!
2020-07-07 12:04:54.142  INFO [user-service,,,] 5232 --- [restartedMain] c.e.b.s.u.UserServiceApplication         : Started UserServiceApplication in 18.894 seconds (JVM running for 21.702)
2020-07-07 12:05:10.365  INFO [user-service,,,] 5232 --- [http-nio-8081-exec-1] o.a.c.c.C.[Tomcat].[localhost].[/]       : Initializing Spring DispatcherServlet 'dispatcherServlet'
2020-07-07 12:05:10.366  INFO [user-service,,,] 5232 --- [http-nio-8081-exec-1] o.s.web.servlet.DispatcherServlet        : Initializing Servlet 'dispatcherServlet'
2020-07-07 12:05:10.404  INFO [user-service,,,] 5232 --- [http-nio-8081-exec-1] o.s.web.servlet.DispatcherServlet        : Completed initialization in 37 ms
2020-07-07 12:05:56.778  INFO [user-service,9246d3ae231f0865,9246d3ae231f0865,true] 5232 --- [http-nio-8081-exec-2] c.e.b.s.u.controller.UserController      : getDemoUser Method started
2020-07-07 12:05:56.918  INFO [user-service,9246d3ae231f0865,9246d3ae231f0865,true] 5232 --- [http-nio-8081-exec-2] c.e.b.s.u.controller.UserController      : getDemoUser Method finished
2020-07-07 12:06:53.108  INFO [user-service,ee26243870283018,ee26243870283018,true] 5232 --- [http-nio-8081-exec-7] c.e.b.s.u.controller.UserController      : getDemoUser Method started
2020-07-07 12:06:53.258  INFO [user-service,ee26243870283018,ee26243870283018,true] 5232 --- [http-nio-8081-exec-7] c.e.b.s.u.controller.UserController      : getDemoUser Method finished
2020-07-07 12:09:52.564  INFO [user-service,,,] 5232 --- [AsyncResolver-bootstrap-executor-0] c.n.d.s.r.aws.ConfigClusterResolver      : Resolving eureka endpoints via configuration
2020-07-07 12:11:57.189  INFO [user-service,,,] 8164 --- [restartedMain] c.e.b.s.u.UserServiceApplication         : The following profiles are active: dev
2020-07-07 12:11:58.959  INFO [user-service,,,] 8164 --- [restartedMain] .s.d.r.c.RepositoryConfigurationDelegate : Bootstrapping Spring Data JPA repositories in DEFERRED mode.
2020-07-07 12:11:59.059  INFO [user-service,,,] 8164 --- [restartedMain] .s.d.r.c.RepositoryConfigurationDelegate : Finished Spring Data repository scanning in 82ms. Found 2 JPA repository interfaces.
2020-07-07 12:11:59.239  WARN [user-service,,,] 8164 --- [restartedMain] o.s.boot.actuate.endpoint.EndpointId     : Endpoint ID 'service-registry' contains invalid characters, please migrate to a valid format.
2020-07-07 12:11:59.569  INFO [user-service,,,] 8164 --- [restartedMain] o.s.cloud.context.scope.GenericScope     : BeanFactory id=d87cb3f9-e905-3e7b-bf7a-b23886084d58
2020-07-07 12:12:00.689  INFO [user-service,,,] 8164 --- [restartedMain] o.s.b.w.embedded.tomcat.TomcatWebServer  : Tomcat initialized with port(s): 8081 (http)
2020-07-07 12:12:00.699  INFO [user-service,,,] 8164 --- [restartedMain] o.apache.catalina.core.StandardService   : Starting service [Tomcat]
2020-07-07 12:12:00.699  INFO [user-service,,,] 8164 --- [restartedMain] org.apache.catalina.core.StandardEngine  : Starting Servlet engine: [Apache Tomcat/9.0.36]
2020-07-07 12:12:00.989  INFO [user-service,,,] 8164 --- [restartedMain] o.a.c.c.C.[Tomcat].[localhost].[/]       : Initializing Spring embedded WebApplicationContext
2020-07-07 12:12:00.989  INFO [user-service,,,] 8164 --- [restartedMain] w.s.c.ServletWebServerApplicationContext : Root WebApplicationContext: initialization completed in 3780 ms
2020-07-07 12:12:01.279  WARN [user-service,,,] 8164 --- [restartedMain] c.n.c.sources.URLConfigurationSource     : No URLs will be polled as dynamic configuration sources.
2020-07-07 12:12:01.289  INFO [user-service,,,] 8164 --- [restartedMain] c.n.c.sources.URLConfigurationSource     : To enable URLs as dynamic configuration sources, define System property archaius.configurationSource.additionalUrls or make config.properties available on classpath.
2020-07-07 12:12:01.299  INFO [user-service,,,] 8164 --- [restartedMain] c.netflix.config.DynamicPropertyFactory  : DynamicPropertyFactory is initialized with configuration sources: com.netflix.config.ConcurrentCompositeConfiguration@48c22810
2020-07-07 12:12:03.221  INFO [user-service,,,] 8164 --- [restartedMain] o.s.s.concurrent.ThreadPoolTaskExecutor  : Initializing ExecutorService 'applicationTaskExecutor'
2020-07-07 12:12:03.321  INFO [user-service,,,] 8164 --- [task-1] o.hibernate.jpa.internal.util.LogHelper  : HHH000204: Processing PersistenceUnitInfo [name: default]
2020-07-07 12:12:03.411  INFO [user-service,,,] 8164 --- [task-1] org.hibernate.Version                    : HHH000412: Hibernate ORM core version 5.4.17.Final
2020-07-07 12:12:03.651  INFO [user-service,,,] 8164 --- [task-1] o.hibernate.annotations.common.Version   : HCANN000001: Hibernate Commons Annotations {5.1.0.Final}
2020-07-07 12:12:03.801  INFO [user-service,,,] 8164 --- [task-1] com.zaxxer.hikari.HikariDataSource       : HikariPool-1 - Starting...
2020-07-07 12:12:03.931  WARN [user-service,,,] 8164 --- [restartedMain] JpaBaseConfiguration$JpaWebConfiguration : spring.jpa.open-in-view is enabled by default. Therefore, database queries may be performed during view rendering. Explicitly configure spring.jpa.open-in-view to disable this warning
2020-07-07 12:12:04.240  INFO [user-service,,,] 8164 --- [restartedMain] o.s.b.a.e.web.EndpointLinksResolver      : Exposing 18 endpoint(s) beneath base path '/actuator'
2020-07-07 12:12:04.253  INFO [user-service,,,] 8164 --- [task-1] com.zaxxer.hikari.HikariDataSource       : HikariPool-1 - Start completed.
2020-07-07 12:12:04.283  INFO [user-service,,,] 8164 --- [task-1] org.hibernate.dialect.Dialect            : HHH000400: Using dialect: org.hibernate.dialect.Oracle10gDialect
2020-07-07 12:12:04.603  INFO [user-service,,,] 8164 --- [restartedMain] pertySourcedRequestMappingHandlerMapping : Mapped URL path [/v2/api-docs] onto method [springfox.documentation.swagger2.web.Swagger2Controller#getDocumentation(String, HttpServletRequest)]
2020-07-07 12:12:04.663  WARN [user-service,,,] 8164 --- [restartedMain] c.n.c.sources.URLConfigurationSource     : No URLs will be polled as dynamic configuration sources.
2020-07-07 12:12:04.663  INFO [user-service,,,] 8164 --- [restartedMain] c.n.c.sources.URLConfigurationSource     : To enable URLs as dynamic configuration sources, define System property archaius.configurationSource.additionalUrls or make config.properties available on classpath.
2020-07-07 12:12:05.133  INFO [user-service,,,] 8164 --- [restartedMain] o.s.b.d.a.OptionalLiveReloadServer       : LiveReload server is running on port 35729
2020-07-07 12:12:06.473  INFO [user-service,,,] 8164 --- [task-1] o.h.e.t.j.p.i.JtaPlatformInitiator       : HHH000490: Using JtaPlatform implementation: [org.hibernate.engine.transaction.jta.platform.internal.NoJtaPlatform]
2020-07-07 12:12:06.483  INFO [user-service,,,] 8164 --- [task-1] j.LocalContainerEntityManagerFactoryBean : Initialized JPA EntityManagerFactory for persistence unit 'default'
2020-07-07 12:12:07.173  WARN [user-service,,,] 8164 --- [restartedMain] ockingLoadBalancerClientRibbonWarnLogger : You already have RibbonLoadBalancerClient on your classpath. It will be used by default. As Spring Cloud Ribbon is in maintenance mode. We recommend switching to BlockingLoadBalancerClient instead. In order to use it, set the value of `spring.cloud.loadbalancer.ribbon.enabled` to `false` or remove spring-cloud-starter-netflix-ribbon from your project.
2020-07-07 12:12:07.713  INFO [user-service,,,] 8164 --- [restartedMain] o.s.c.n.eureka.InstanceInfoFactory       : Setting initial instance status as: STARTING
2020-07-07 12:12:07.763  INFO [user-service,,,] 8164 --- [restartedMain] com.netflix.discovery.DiscoveryClient    : Initializing Eureka in region us-east-1
2020-07-07 12:12:07.913  INFO [user-service,,,] 8164 --- [restartedMain] c.n.d.provider.DiscoveryJerseyProvider   : Using JSON encoding codec LegacyJacksonJson
2020-07-07 12:12:07.913  INFO [user-service,,,] 8164 --- [restartedMain] c.n.d.provider.DiscoveryJerseyProvider   : Using JSON decoding codec LegacyJacksonJson
2020-07-07 12:12:08.043  INFO [user-service,,,] 8164 --- [restartedMain] c.n.d.provider.DiscoveryJerseyProvider   : Using XML encoding codec XStreamXml
2020-07-07 12:12:08.043  INFO [user-service,,,] 8164 --- [restartedMain] c.n.d.provider.DiscoveryJerseyProvider   : Using XML decoding codec XStreamXml
2020-07-07 12:12:08.243  INFO [user-service,,,] 8164 --- [restartedMain] c.n.d.s.r.aws.ConfigClusterResolver      : Resolving eureka endpoints via configuration
2020-07-07 12:12:08.303  INFO [user-service,,,] 8164 --- [restartedMain] com.netflix.discovery.DiscoveryClient    : Disable delta property : false
2020-07-07 12:12:08.303  INFO [user-service,,,] 8164 --- [restartedMain] com.netflix.discovery.DiscoveryClient    : Single vip registry refresh property : null
2020-07-07 12:12:08.303  INFO [user-service,,,] 8164 --- [restartedMain] com.netflix.discovery.DiscoveryClient    : Force full registry fetch : false
2020-07-07 12:12:08.303  INFO [user-service,,,] 8164 --- [restartedMain] com.netflix.discovery.DiscoveryClient    : Application is null : false
2020-07-07 12:12:08.303  INFO [user-service,,,] 8164 --- [restartedMain] com.netflix.discovery.DiscoveryClient    : Registered Applications size is zero : true
2020-07-07 12:12:08.303  INFO [user-service,,,] 8164 --- [restartedMain] com.netflix.discovery.DiscoveryClient    : Application version is -1: true
2020-07-07 12:12:08.303  INFO [user-service,,,] 8164 --- [restartedMain] com.netflix.discovery.DiscoveryClient    : Getting all instance registry info from the eureka server
2020-07-07 12:12:08.423  INFO [user-service,,,] 8164 --- [restartedMain] com.netflix.discovery.DiscoveryClient    : The response status is 200
2020-07-07 12:12:08.433  INFO [user-service,,,] 8164 --- [restartedMain] com.netflix.discovery.DiscoveryClient    : Starting heartbeat executor: renew interval is: 30
2020-07-07 12:12:08.433  INFO [user-service,,,] 8164 --- [restartedMain] c.n.discovery.InstanceInfoReplicator     : InstanceInfoReplicator onDemand update allowed rate per min is 4
2020-07-07 12:12:08.443  INFO [user-service,,,] 8164 --- [restartedMain] com.netflix.discovery.DiscoveryClient    : Discovery Client initialized at timestamp 1594109528433 with initial instances count: 2
2020-07-07 12:12:08.453  INFO [user-service,,,] 8164 --- [restartedMain] o.s.c.n.e.s.EurekaServiceRegistry        : Registering application USER-SERVICE with eureka with status UP
2020-07-07 12:12:08.453  INFO [user-service,,,] 8164 --- [restartedMain] com.netflix.discovery.DiscoveryClient    : Saw local status change event StatusChangeEvent [timestamp=1594109528453, current=UP, previous=STARTING]
2020-07-07 12:12:08.453  INFO [user-service,,,] 8164 --- [DiscoveryClient-InstanceInfoReplicator-0] com.netflix.discovery.DiscoveryClient    : DiscoveryClient_USER-SERVICE/Yadigar-PC:user-service:8081: registering service...
2020-07-07 12:12:08.493  INFO [user-service,,,] 8164 --- [DiscoveryClient-InstanceInfoReplicator-0] com.netflix.discovery.DiscoveryClient    : DiscoveryClient_USER-SERVICE/Yadigar-PC:user-service:8081 - registration status: 204
2020-07-07 12:12:08.523  INFO [user-service,,,] 8164 --- [restartedMain] o.s.b.w.embedded.tomcat.TomcatWebServer  : Tomcat started on port(s): 8081 (http) with context path ''
2020-07-07 12:12:08.523  INFO [user-service,,,] 8164 --- [restartedMain] .s.c.n.e.s.EurekaAutoServiceRegistration : Updating port to 8081
2020-07-07 12:12:08.593  INFO [user-service,,,] 8164 --- [restartedMain] d.s.w.p.DocumentationPluginsBootstrapper : Context refreshed
2020-07-07 12:12:08.633  INFO [user-service,,,] 8164 --- [restartedMain] d.s.w.p.DocumentationPluginsBootstrapper : Found 1 custom documentation plugin(s)
2020-07-07 12:12:08.713  INFO [user-service,,,] 8164 --- [restartedMain] s.d.s.w.s.ApiListingReferenceScanner     : Scanning for api listing references
2020-07-07 12:12:08.943  INFO [user-service,,,] 8164 --- [restartedMain] DeferredRepositoryInitializationListener : Triggering deferred initialization of Spring Data repositories…
2020-07-07 12:12:09.333  INFO [user-service,,,] 8164 --- [restartedMain] DeferredRepositoryInitializationListener : Spring Data repositories initialized!
2020-07-07 12:12:09.363  INFO [user-service,,,] 8164 --- [restartedMain] c.e.b.s.u.UserServiceApplication         : Started UserServiceApplication in 16.068 seconds (JVM running for 18.038)
2020-07-07 12:12:09.963  INFO [user-service,,,] 8164 --- [RMI TCP Connection(9)-192.168.1.5] o.a.c.c.C.[Tomcat].[localhost].[/]       : Initializing Spring DispatcherServlet 'dispatcherServlet'
2020-07-07 12:12:09.963  INFO [user-service,,,] 8164 --- [RMI TCP Connection(9)-192.168.1.5] o.s.web.servlet.DispatcherServlet        : Initializing Servlet 'dispatcherServlet'
2020-07-07 12:12:09.983  INFO [user-service,,,] 8164 --- [RMI TCP Connection(10)-192.168.1.5] c.c.c.ConfigServicePropertySourceLocator : Fetching config from server at : http://localhost:8888
2020-07-07 12:12:09.993  INFO [user-service,,,] 8164 --- [RMI TCP Connection(9)-192.168.1.5] o.s.web.servlet.DispatcherServlet        : Completed initialization in 30 ms
2020-07-07 12:12:10.975  INFO [user-service,,,] 8164 --- [RMI TCP Connection(10)-192.168.1.5] c.c.c.ConfigServicePropertySourceLocator : Located environment: name=user-service, profiles=[dev], label=null, version=0daec173cf92edbaa28eae83cb6e3009938fdc55, state=null
2020-07-07 12:12:38.635  INFO [user-service,83dcc674cbeb5da6,83dcc674cbeb5da6,true] 8164 --- [http-nio-8081-exec-2] c.e.b.s.u.controller.UserController      : getDemoUser Method started
2020-07-07 12:12:38.755  INFO [user-service,83dcc674cbeb5da6,83dcc674cbeb5da6,true] 8164 --- [http-nio-8081-exec-2] c.e.b.s.u.controller.UserController      : getDemoUser Method finished
2020-07-07 12:14:50.901  INFO [user-service,37a7e3b76ca7f6a1,37a7e3b76ca7f6a1,true] 8164 --- [http-nio-8081-exec-7] c.e.b.s.u.controller.UserController      : getDemoUser Method started
2020-07-07 12:14:51.021  INFO [user-service,37a7e3b76ca7f6a1,37a7e3b76ca7f6a1,true] 8164 --- [http-nio-8081-exec-7] c.e.b.s.u.controller.UserController      : getDemoUser Method finished
2020-07-07 12:17:08.321  INFO [user-service,,,] 8164 --- [AsyncResolver-bootstrap-executor-0] c.n.d.s.r.aws.ConfigClusterResolver      : Resolving eureka endpoints via configuration
2020-07-07 12:20:36.143  INFO [user-service,71fd5272c5fc3b2b,71fd5272c5fc3b2b,true] 8164 --- [http-nio-8081-exec-1] c.e.b.s.u.controller.UserController      : getDemoUser Method started
2020-07-07 12:20:36.263  INFO [user-service,71fd5272c5fc3b2b,71fd5272c5fc3b2b,true] 8164 --- [http-nio-8081-exec-1] c.e.b.s.u.controller.UserController      : getDemoUser Method finished
2020-07-07 12:20:37.433  WARN [user-service,,,] 8164 --- [AsyncReporter{org.springframework.cloud.sleuth.zipkin2.sender.RestTemplateSender@692df273}] z.r.AsyncReporter$BoundedAsyncReporter   : Spans were dropped due to exceptions. All subsequent errors will be logged at FINE level.
2020-07-07 12:20:37.503  WARN [user-service,,,] 8164 --- [AsyncReporter{org.springframework.cloud.sleuth.zipkin2.sender.RestTemplateSender@692df273}] z.r.AsyncReporter$BoundedAsyncReporter   : Dropped 1 spans due to ResourceAccessException(I/O error on POST request for "http://localhost:9411/api/v2/spans": Connect timed out; nested exception is java.net.SocketTimeoutException: Connect timed out)

org.springframework.web.client.ResourceAccessException: I/O error on POST request for "http://localhost:9411/api/v2/spans": Connect timed out; nested exception is java.net.SocketTimeoutException: Connect timed out
	at org.springframework.web.client.RestTemplate.doExecute(RestTemplate.java:748) ~[spring-web-5.2.7.RELEASE.jar:5.2.7.RELEASE]
	at org.springframework.cloud.sleuth.zipkin2.sender.ZipkinRestTemplateWrapper.doExecute(ZipkinRestTemplateSenderConfiguration.java:228) ~[spring-cloud-sleuth-zipkin-2.2.3.RELEASE.jar:2.2.3.RELEASE]
	at org.springframework.web.client.RestTemplate.exchange(RestTemplate.java:641) ~[spring-web-5.2.7.RELEASE.jar:5.2.7.RELEASE]
	at org.springframework.cloud.sleuth.zipkin2.sender.RestTemplateSender.post(RestTemplateSender.java:129) ~[spring-cloud-sleuth-zipkin-2.2.3.RELEASE.jar:2.2.3.RELEASE]
	at org.springframework.cloud.sleuth.zipkin2.sender.RestTemplateSender$HttpPostCall.doExecute(RestTemplateSender.java:142) ~[spring-cloud-sleuth-zipkin-2.2.3.RELEASE.jar:2.2.3.RELEASE]
	at org.springframework.cloud.sleuth.zipkin2.sender.RestTemplateSender$HttpPostCall.doExecute(RestTemplateSender.java:132) ~[spring-cloud-sleuth-zipkin-2.2.3.RELEASE.jar:2.2.3.RELEASE]
	at zipkin2.Call$Base.execute(Call.java:380) ~[zipkin-2.21.1.jar:na]
	at zipkin2.reporter.AsyncReporter$BoundedAsyncReporter.flush(AsyncReporter.java:299) ~[zipkin-reporter-2.15.0.jar:na]
	at zipkin2.reporter.AsyncReporter$Flusher.run(AsyncReporter.java:378) ~[zipkin-reporter-2.15.0.jar:na]
	at java.base/java.lang.Thread.run(Thread.java:830) ~[na:na]
Caused by: java.net.SocketTimeoutException: Connect timed out
	at java.base/sun.nio.ch.NioSocketImpl.timedFinishConnect(NioSocketImpl.java:546) ~[na:na]
	at java.base/sun.nio.ch.NioSocketImpl.connect(NioSocketImpl.java:597) ~[na:na]
	at java.base/java.net.Socket.connect(Socket.java:603) ~[na:na]
	at java.base/sun.net.NetworkClient.doConnect(NetworkClient.java:177) ~[na:na]
	at java.base/sun.net.www.http.HttpClient.openServer(HttpClient.java:474) ~[na:na]
	at java.base/sun.net.www.http.HttpClient.openServer(HttpClient.java:569) ~[na:na]
	at java.base/sun.net.www.http.HttpClient.<init>(HttpClient.java:242) ~[na:na]
	at java.base/sun.net.www.http.HttpClient.New(HttpClient.java:341) ~[na:na]
	at java.base/sun.net.www.http.HttpClient.New(HttpClient.java:362) ~[na:na]
	at java.base/sun.net.www.protocol.http.HttpURLConnection.getNewHttpClient(HttpURLConnection.java:1248) ~[na:na]
	at java.base/sun.net.www.protocol.http.HttpURLConnection.plainConnect0(HttpURLConnection.java:1187) ~[na:na]
	at java.base/sun.net.www.protocol.http.HttpURLConnection.plainConnect(HttpURLConnection.java:1081) ~[na:na]
	at java.base/sun.net.www.protocol.http.HttpURLConnection.connect(HttpURLConnection.java:1015) ~[na:na]
	at org.springframework.http.client.SimpleBufferingClientHttpRequest.executeInternal(SimpleBufferingClientHttpRequest.java:76) ~[spring-web-5.2.7.RELEASE.jar:5.2.7.RELEASE]
	at org.springframework.http.client.AbstractBufferingClientHttpRequest.executeInternal(AbstractBufferingClientHttpRequest.java:48) ~[spring-web-5.2.7.RELEASE.jar:5.2.7.RELEASE]
	at org.springframework.http.client.AbstractClientHttpRequest.execute(AbstractClientHttpRequest.java:53) ~[spring-web-5.2.7.RELEASE.jar:5.2.7.RELEASE]
	at org.springframework.web.client.RestTemplate.doExecute(RestTemplate.java:739) ~[spring-web-5.2.7.RELEASE.jar:5.2.7.RELEASE]
	... 9 common frames omitted

2020-07-07 12:21:05.187  INFO [user-service,c2062fe1d62606bb,c2062fe1d62606bb,true] 8164 --- [http-nio-8081-exec-2] c.e.b.s.u.controller.UserController      : getDemoUser Method started
2020-07-07 12:21:05.337  INFO [user-service,c2062fe1d62606bb,c2062fe1d62606bb,true] 8164 --- [http-nio-8081-exec-2] c.e.b.s.u.controller.UserController      : getDemoUser Method finished
2020-07-07 12:22:08.333  INFO [user-service,,,] 8164 --- [AsyncResolver-bootstrap-executor-0] c.n.d.s.r.aws.ConfigClusterResolver      : Resolving eureka endpoints via configuration
