2020-07-07 12:23:55.279  INFO [user-service,,,] 6020 --- [restartedMain] c.e.b.s.u.UserServiceApplication         : The following profiles are active: dev
2020-07-07 12:23:57.469  INFO [user-service,,,] 6020 --- [restartedMain] .s.d.r.c.RepositoryConfigurationDelegate : Bootstrapping Spring Data JPA repositories in DEFERRED mode.
2020-07-07 12:23:57.569  INFO [user-service,,,] 6020 --- [restartedMain] .s.d.r.c.RepositoryConfigurationDelegate : Finished Spring Data repository scanning in 92ms. Found 2 JPA repository interfaces.
2020-07-07 12:23:57.749  WARN [user-service,,,] 6020 --- [restartedMain] o.s.boot.actuate.endpoint.EndpointId     : Endpoint ID 'service-registry' contains invalid characters, please migrate to a valid format.
2020-07-07 12:23:58.079  INFO [user-service,,,] 6020 --- [restartedMain] o.s.cloud.context.scope.GenericScope     : BeanFactory id=d87cb3f9-e905-3e7b-bf7a-b23886084d58
2020-07-07 12:23:59.099  INFO [user-service,,,] 6020 --- [restartedMain] o.s.b.w.embedded.tomcat.TomcatWebServer  : Tomcat initialized with port(s): 8081 (http)
2020-07-07 12:23:59.109  INFO [user-service,,,] 6020 --- [restartedMain] o.apache.catalina.core.StandardService   : Starting service [Tomcat]
2020-07-07 12:23:59.109  INFO [user-service,,,] 6020 --- [restartedMain] org.apache.catalina.core.StandardEngine  : Starting Servlet engine: [Apache Tomcat/9.0.36]
2020-07-07 12:23:59.259  INFO [user-service,,,] 6020 --- [restartedMain] o.a.c.c.C.[Tomcat].[localhost].[/]       : Initializing Spring embedded WebApplicationContext
2020-07-07 12:23:59.259  INFO [user-service,,,] 6020 --- [restartedMain] w.s.c.ServletWebServerApplicationContext : Root WebApplicationContext: initialization completed in 3960 ms
2020-07-07 12:23:59.419  WARN [user-service,,,] 6020 --- [restartedMain] c.n.c.sources.URLConfigurationSource     : No URLs will be polled as dynamic configuration sources.
2020-07-07 12:23:59.419  INFO [user-service,,,] 6020 --- [restartedMain] c.n.c.sources.URLConfigurationSource     : To enable URLs as dynamic configuration sources, define System property archaius.configurationSource.additionalUrls or make config.properties available on classpath.
2020-07-07 12:23:59.429  INFO [user-service,,,] 6020 --- [restartedMain] c.netflix.config.DynamicPropertyFactory  : DynamicPropertyFactory is initialized with configuration sources: com.netflix.config.ConcurrentCompositeConfiguration@49ded376
2020-07-07 12:24:00.569  WARN [user-service,,,] 6020 --- [restartedMain] o.s.c.s.zipkin2.ZipkinAutoConfiguration  : Check result of the [org.springframework.cloud.sleuth.zipkin2.sender.RestTemplateSender@80dde0d] contains an error [CheckResult{ok=false, error=org.springframework.web.client.ResourceAccessException: I/O error on POST request for "http://localhost:9411/api/v2/spans": Connect timed out; nested exception is java.net.SocketTimeoutException: Connect timed out}]
2020-07-07 12:24:01.949  INFO [user-service,,,] 6020 --- [restartedMain] o.s.s.concurrent.ThreadPoolTaskExecutor  : Initializing ExecutorService 'applicationTaskExecutor'
2020-07-07 12:24:02.029  INFO [user-service,,,] 6020 --- [task-1] o.hibernate.jpa.internal.util.LogHelper  : HHH000204: Processing PersistenceUnitInfo [name: default]
2020-07-07 12:24:02.119  INFO [user-service,,,] 6020 --- [task-1] org.hibernate.Version                    : HHH000412: Hibernate ORM core version 5.4.17.Final
2020-07-07 12:24:02.309  INFO [user-service,,,] 6020 --- [task-1] o.hibernate.annotations.common.Version   : HCANN000001: Hibernate Commons Annotations {5.1.0.Final}
2020-07-07 12:24:02.439  INFO [user-service,,,] 6020 --- [task-1] com.zaxxer.hikari.HikariDataSource       : HikariPool-1 - Starting...
2020-07-07 12:24:02.539  WARN [user-service,,,] 6020 --- [restartedMain] JpaBaseConfiguration$JpaWebConfiguration : spring.jpa.open-in-view is enabled by default. Therefore, database queries may be performed during view rendering. Explicitly configure spring.jpa.open-in-view to disable this warning
2020-07-07 12:24:02.809  INFO [user-service,,,] 6020 --- [restartedMain] o.s.b.a.e.web.EndpointLinksResolver      : Exposing 18 endpoint(s) beneath base path '/actuator'
2020-07-07 12:24:02.859  INFO [user-service,,,] 6020 --- [task-1] com.zaxxer.hikari.HikariDataSource       : HikariPool-1 - Start completed.
2020-07-07 12:24:02.879  INFO [user-service,,,] 6020 --- [task-1] org.hibernate.dialect.Dialect            : HHH000400: Using dialect: org.hibernate.dialect.Oracle10gDialect
2020-07-07 12:24:03.079  INFO [user-service,,,] 6020 --- [restartedMain] pertySourcedRequestMappingHandlerMapping : Mapped URL path [/v2/api-docs] onto method [springfox.documentation.swagger2.web.Swagger2Controller#getDocumentation(String, HttpServletRequest)]
2020-07-07 12:24:03.139  WARN [user-service,,,] 6020 --- [restartedMain] c.n.c.sources.URLConfigurationSource     : No URLs will be polled as dynamic configuration sources.
2020-07-07 12:24:03.139  INFO [user-service,,,] 6020 --- [restartedMain] c.n.c.sources.URLConfigurationSource     : To enable URLs as dynamic configuration sources, define System property archaius.configurationSource.additionalUrls or make config.properties available on classpath.
2020-07-07 12:24:03.559  INFO [user-service,,,] 6020 --- [restartedMain] o.s.b.d.a.OptionalLiveReloadServer       : LiveReload server is running on port 35729
2020-07-07 12:24:04.939  INFO [user-service,,,] 6020 --- [task-1] o.h.e.t.j.p.i.JtaPlatformInitiator       : HHH000490: Using JtaPlatform implementation: [org.hibernate.engine.transaction.jta.platform.internal.NoJtaPlatform]
2020-07-07 12:24:04.959  INFO [user-service,,,] 6020 --- [task-1] j.LocalContainerEntityManagerFactoryBean : Initialized JPA EntityManagerFactory for persistence unit 'default'
2020-07-07 12:24:05.559  WARN [user-service,,,] 6020 --- [restartedMain] ockingLoadBalancerClientRibbonWarnLogger : You already have RibbonLoadBalancerClient on your classpath. It will be used by default. As Spring Cloud Ribbon is in maintenance mode. We recommend switching to BlockingLoadBalancerClient instead. In order to use it, set the value of `spring.cloud.loadbalancer.ribbon.enabled` to `false` or remove spring-cloud-starter-netflix-ribbon from your project.
2020-07-07 12:24:06.059  INFO [user-service,,,] 6020 --- [restartedMain] o.s.c.n.eureka.InstanceInfoFactory       : Setting initial instance status as: STARTING
2020-07-07 12:24:06.119  INFO [user-service,,,] 6020 --- [restartedMain] com.netflix.discovery.DiscoveryClient    : Initializing Eureka in region us-east-1
2020-07-07 12:24:06.299  INFO [user-service,,,] 6020 --- [restartedMain] c.n.d.provider.DiscoveryJerseyProvider   : Using JSON encoding codec LegacyJacksonJson
2020-07-07 12:24:06.299  INFO [user-service,,,] 6020 --- [restartedMain] c.n.d.provider.DiscoveryJerseyProvider   : Using JSON decoding codec LegacyJacksonJson
2020-07-07 12:24:06.489  INFO [user-service,,,] 6020 --- [restartedMain] c.n.d.provider.DiscoveryJerseyProvider   : Using XML encoding codec XStreamXml
2020-07-07 12:24:06.489  INFO [user-service,,,] 6020 --- [restartedMain] c.n.d.provider.DiscoveryJerseyProvider   : Using XML decoding codec XStreamXml
2020-07-07 12:24:06.729  INFO [user-service,,,] 6020 --- [restartedMain] c.n.d.s.r.aws.ConfigClusterResolver      : Resolving eureka endpoints via configuration
2020-07-07 12:24:06.779  INFO [user-service,,,] 6020 --- [restartedMain] com.netflix.discovery.DiscoveryClient    : Disable delta property : false
2020-07-07 12:24:06.779  INFO [user-service,,,] 6020 --- [restartedMain] com.netflix.discovery.DiscoveryClient    : Single vip registry refresh property : null
2020-07-07 12:24:06.779  INFO [user-service,,,] 6020 --- [restartedMain] com.netflix.discovery.DiscoveryClient    : Force full registry fetch : false
2020-07-07 12:24:06.789  INFO [user-service,,,] 6020 --- [restartedMain] com.netflix.discovery.DiscoveryClient    : Application is null : false
2020-07-07 12:24:06.789  INFO [user-service,,,] 6020 --- [restartedMain] com.netflix.discovery.DiscoveryClient    : Registered Applications size is zero : true
2020-07-07 12:24:06.789  INFO [user-service,,,] 6020 --- [restartedMain] com.netflix.discovery.DiscoveryClient    : Application version is -1: true
2020-07-07 12:24:06.789  INFO [user-service,,,] 6020 --- [restartedMain] com.netflix.discovery.DiscoveryClient    : Getting all instance registry info from the eureka server
2020-07-07 12:24:06.929  INFO [user-service,,,] 6020 --- [restartedMain] com.netflix.discovery.DiscoveryClient    : The response status is 200
2020-07-07 12:24:06.929  INFO [user-service,,,] 6020 --- [restartedMain] com.netflix.discovery.DiscoveryClient    : Starting heartbeat executor: renew interval is: 30
2020-07-07 12:24:06.939  INFO [user-service,,,] 6020 --- [restartedMain] c.n.discovery.InstanceInfoReplicator     : InstanceInfoReplicator onDemand update allowed rate per min is 4
2020-07-07 12:24:06.939  INFO [user-service,,,] 6020 --- [restartedMain] com.netflix.discovery.DiscoveryClient    : Discovery Client initialized at timestamp 1594110246939 with initial instances count: 2
2020-07-07 12:24:06.959  INFO [user-service,,,] 6020 --- [restartedMain] o.s.c.n.e.s.EurekaServiceRegistry        : Registering application USER-SERVICE with eureka with status UP
2020-07-07 12:24:06.959  INFO [user-service,,,] 6020 --- [restartedMain] com.netflix.discovery.DiscoveryClient    : Saw local status change event StatusChangeEvent [timestamp=1594110246959, current=UP, previous=STARTING]
2020-07-07 12:24:06.959  INFO [user-service,,,] 6020 --- [DiscoveryClient-InstanceInfoReplicator-0] com.netflix.discovery.DiscoveryClient    : DiscoveryClient_USER-SERVICE/Yadigar-PC:user-service:8081: registering service...
2020-07-07 12:24:06.999  INFO [user-service,,,] 6020 --- [DiscoveryClient-InstanceInfoReplicator-0] com.netflix.discovery.DiscoveryClient    : DiscoveryClient_USER-SERVICE/Yadigar-PC:user-service:8081 - registration status: 204
2020-07-07 12:24:07.069  INFO [user-service,,,] 6020 --- [restartedMain] o.s.b.w.embedded.tomcat.TomcatWebServer  : Tomcat started on port(s): 8081 (http) with context path ''
2020-07-07 12:24:07.069  INFO [user-service,,,] 6020 --- [restartedMain] .s.c.n.e.s.EurekaAutoServiceRegistration : Updating port to 8081
2020-07-07 12:24:07.119  INFO [user-service,,,] 6020 --- [restartedMain] d.s.w.p.DocumentationPluginsBootstrapper : Context refreshed
2020-07-07 12:24:07.139  INFO [user-service,,,] 6020 --- [restartedMain] d.s.w.p.DocumentationPluginsBootstrapper : Found 1 custom documentation plugin(s)
2020-07-07 12:24:07.209  INFO [user-service,,,] 6020 --- [restartedMain] s.d.s.w.s.ApiListingReferenceScanner     : Scanning for api listing references
2020-07-07 12:24:07.439  INFO [user-service,,,] 6020 --- [restartedMain] DeferredRepositoryInitializationListener : Triggering deferred initialization of Spring Data repositories…
2020-07-07 12:24:07.779  INFO [user-service,,,] 6020 --- [restartedMain] DeferredRepositoryInitializationListener : Spring Data repositories initialized!
2020-07-07 12:24:07.809  INFO [user-service,,,] 6020 --- [restartedMain] c.e.b.s.u.UserServiceApplication         : Started UserServiceApplication in 16.143 seconds (JVM running for 17.897)
2020-07-07 12:29:06.801  INFO [user-service,,,] 6020 --- [AsyncResolver-bootstrap-executor-0] c.n.d.s.r.aws.ConfigClusterResolver      : Resolving eureka endpoints via configuration
2020-07-07 12:30:28.232  INFO [user-service,,,] 6020 --- [http-nio-8081-exec-1] o.a.c.c.C.[Tomcat].[localhost].[/]       : Initializing Spring DispatcherServlet 'dispatcherServlet'
2020-07-07 12:30:28.232  INFO [user-service,,,] 6020 --- [http-nio-8081-exec-1] o.s.web.servlet.DispatcherServlet        : Initializing Servlet 'dispatcherServlet'
2020-07-07 12:30:28.262  INFO [user-service,,,] 6020 --- [http-nio-8081-exec-1] o.s.web.servlet.DispatcherServlet        : Completed initialization in 30 ms
2020-07-07 12:30:30.624  WARN [user-service,,,] 6020 --- [AsyncReporter{org.springframework.cloud.sleuth.zipkin2.sender.RestTemplateSender@80dde0d}] z.r.AsyncReporter$BoundedAsyncReporter   : Spans were dropped due to exceptions. All subsequent errors will be logged at FINE level.
2020-07-07 12:30:30.634  WARN [user-service,,,] 6020 --- [AsyncReporter{org.springframework.cloud.sleuth.zipkin2.sender.RestTemplateSender@80dde0d}] z.r.AsyncReporter$BoundedAsyncReporter   : Dropped 3 spans due to ResourceAccessException(I/O error on POST request for "http://localhost:9411/api/v2/spans": Read timed out; nested exception is java.net.SocketTimeoutException: Read timed out)

org.springframework.web.client.ResourceAccessException: I/O error on POST request for "http://localhost:9411/api/v2/spans": Read timed out; nested exception is java.net.SocketTimeoutException: Read timed out
	at org.springframework.web.client.RestTemplate.doExecute(RestTemplate.java:748) ~[spring-web-5.2.7.RELEASE.jar:5.2.7.RELEASE]
	at org.springframework.cloud.sleuth.zipkin2.sender.ZipkinRestTemplateWrapper.doExecute(ZipkinRestTemplateSenderConfiguration.java:228) ~[spring-cloud-sleuth-zipkin-2.2.3.RELEASE.jar:2.2.3.RELEASE]
	at org.springframework.web.client.RestTemplate.exchange(RestTemplate.java:641) ~[spring-web-5.2.7.RELEASE.jar:5.2.7.RELEASE]
	at org.springframework.cloud.sleuth.zipkin2.sender.RestTemplateSender.post(RestTemplateSender.java:129) ~[spring-cloud-sleuth-zipkin-2.2.3.RELEASE.jar:2.2.3.RELEASE]
	at org.springframework.cloud.sleuth.zipkin2.sender.RestTemplateSender$HttpPostCall.doExecute(RestTemplateSender.java:142) ~[spring-cloud-sleuth-zipkin-2.2.3.RELEASE.jar:2.2.3.RELEASE]
	at org.springframework.cloud.sleuth.zipkin2.sender.RestTemplateSender$HttpPostCall.doExecute(RestTemplateSender.java:132) ~[spring-cloud-sleuth-zipkin-2.2.3.RELEASE.jar:2.2.3.RELEASE]
	at zipkin2.Call$Base.execute(Call.java:380) ~[zipkin-2.21.1.jar:na]
	at zipkin2.reporter.AsyncReporter$BoundedAsyncReporter.flush(AsyncReporter.java:299) ~[zipkin-reporter-2.15.0.jar:na]
	at zipkin2.reporter.AsyncReporter$Flusher.run(AsyncReporter.java:378) ~[zipkin-reporter-2.15.0.jar:na]
	at java.base/java.lang.Thread.run(Thread.java:830) ~[na:na]
Caused by: java.net.SocketTimeoutException: Read timed out
	at java.base/sun.nio.ch.NioSocketImpl.timedRead(NioSocketImpl.java:284) ~[na:na]
	at java.base/sun.nio.ch.NioSocketImpl.implRead(NioSocketImpl.java:310) ~[na:na]
	at java.base/sun.nio.ch.NioSocketImpl.read(NioSocketImpl.java:351) ~[na:na]
	at java.base/sun.nio.ch.NioSocketImpl$1.read(NioSocketImpl.java:802) ~[na:na]
	at java.base/java.net.Socket$SocketInputStream.read(Socket.java:937) ~[na:na]
	at java.base/java.io.BufferedInputStream.fill(BufferedInputStream.java:245) ~[na:na]
	at java.base/java.io.BufferedInputStream.read1(BufferedInputStream.java:285) ~[na:na]
	at java.base/java.io.BufferedInputStream.read(BufferedInputStream.java:344) ~[na:na]
	at java.base/sun.net.www.http.HttpClient.parseHTTPHeader(HttpClient.java:746) ~[na:na]
	at java.base/sun.net.www.http.HttpClient.parseHTTP(HttpClient.java:689) ~[na:na]
	at java.base/sun.net.www.protocol.http.HttpURLConnection.getInputStream0(HttpURLConnection.java:1610) ~[na:na]
	at java.base/sun.net.www.protocol.http.HttpURLConnection.getInputStream(HttpURLConnection.java:1515) ~[na:na]
	at java.base/java.net.HttpURLConnection.getResponseCode(HttpURLConnection.java:527) ~[na:na]
	at org.springframework.http.client.SimpleClientHttpResponse.getRawStatusCode(SimpleClientHttpResponse.java:55) ~[spring-web-5.2.7.RELEASE.jar:5.2.7.RELEASE]
	at org.springframework.web.client.DefaultResponseErrorHandler.hasError(DefaultResponseErrorHandler.java:64) ~[spring-web-5.2.7.RELEASE.jar:5.2.7.RELEASE]
	at org.springframework.web.client.RestTemplate.handleResponse(RestTemplate.java:770) ~[spring-web-5.2.7.RELEASE.jar:5.2.7.RELEASE]
	at org.springframework.web.client.RestTemplate.doExecute(RestTemplate.java:740) ~[spring-web-5.2.7.RELEASE.jar:5.2.7.RELEASE]
	... 9 common frames omitted

2020-07-07 12:30:37.245  INFO [user-service,f5cd4cf72ec4f4aa,f5cd4cf72ec4f4aa,true] 6020 --- [http-nio-8081-exec-9] c.e.b.s.u.controller.UserController      : getDemoUser Method started
2020-07-07 12:30:37.475  INFO [user-service,f5cd4cf72ec4f4aa,f5cd4cf72ec4f4aa,true] 6020 --- [http-nio-8081-exec-9] c.e.b.s.u.controller.UserController      : getDemoUser Method finished
2020-07-07 12:31:02.147  INFO [user-service,ff535b98b6a80d70,ff535b98b6a80d70,true] 6020 --- [http-nio-8081-exec-2] c.e.b.s.u.controller.UserController      : getDemoUser Method started
2020-07-07 12:31:02.267  INFO [user-service,ff535b98b6a80d70,ff535b98b6a80d70,true] 6020 --- [http-nio-8081-exec-2] c.e.b.s.u.controller.UserController      : getDemoUser Method finished
2020-07-07 12:34:06.815  INFO [user-service,,,] 6020 --- [AsyncResolver-bootstrap-executor-0] c.n.d.s.r.aws.ConfigClusterResolver      : Resolving eureka endpoints via configuration
2020-07-07 12:39:06.823  INFO [user-service,,,] 6020 --- [AsyncResolver-bootstrap-executor-0] c.n.d.s.r.aws.ConfigClusterResolver      : Resolving eureka endpoints via configuration
