2020-07-08 11:54:36.188  INFO [user-service,,,] 5688 --- [restartedMain] c.e.b.s.u.UserServiceApplication         : The following profiles are active: dev
2020-07-08 11:54:37.948  INFO [user-service,,,] 5688 --- [restartedMain] .s.d.r.c.RepositoryConfigurationDelegate : Bootstrapping Spring Data JPA repositories in DEFERRED mode.
2020-07-08 11:54:38.048  INFO [user-service,,,] 5688 --- [restartedMain] .s.d.r.c.RepositoryConfigurationDelegate : Finished Spring Data repository scanning in 87ms. Found 2 JPA repository interfaces.
2020-07-08 11:54:38.228  WARN [user-service,,,] 5688 --- [restartedMain] o.s.boot.actuate.endpoint.EndpointId     : Endpoint ID 'service-registry' contains invalid characters, please migrate to a valid format.
2020-07-08 11:54:38.428  INFO [user-service,,,] 5688 --- [restartedMain] o.s.cloud.context.scope.GenericScope     : BeanFactory id=f13e61cb-6c94-3ba5-9ed1-031ace71e4a7
2020-07-08 11:54:39.138  INFO [user-service,,,] 5688 --- [restartedMain] o.s.b.w.embedded.tomcat.TomcatWebServer  : Tomcat initialized with port(s): 8081 (http)
2020-07-08 11:54:39.148  INFO [user-service,,,] 5688 --- [restartedMain] o.apache.catalina.core.StandardService   : Starting service [Tomcat]
2020-07-08 11:54:39.148  INFO [user-service,,,] 5688 --- [restartedMain] org.apache.catalina.core.StandardEngine  : Starting Servlet engine: [Apache Tomcat/9.0.36]
2020-07-08 11:54:39.328  INFO [user-service,,,] 5688 --- [restartedMain] o.a.c.c.C.[Tomcat].[localhost].[/]       : Initializing Spring embedded WebApplicationContext
2020-07-08 11:54:39.328  INFO [user-service,,,] 5688 --- [restartedMain] w.s.c.ServletWebServerApplicationContext : Root WebApplicationContext: initialization completed in 3120 ms
2020-07-08 11:54:39.428  WARN [user-service,,,] 5688 --- [restartedMain] c.n.c.sources.URLConfigurationSource     : No URLs will be polled as dynamic configuration sources.
2020-07-08 11:54:39.428  INFO [user-service,,,] 5688 --- [restartedMain] c.n.c.sources.URLConfigurationSource     : To enable URLs as dynamic configuration sources, define System property archaius.configurationSource.additionalUrls or make config.properties available on classpath.
2020-07-08 11:54:39.438  INFO [user-service,,,] 5688 --- [restartedMain] c.netflix.config.DynamicPropertyFactory  : DynamicPropertyFactory is initialized with configuration sources: com.netflix.config.ConcurrentCompositeConfiguration@67d77ed5
2020-07-08 11:54:39.718  INFO [user-service,,,] 5688 --- [restartedMain] o.s.s.concurrent.ThreadPoolTaskExecutor  : Initializing ExecutorService 'applicationTaskExecutor'
2020-07-08 11:54:39.768  INFO [user-service,,,] 5688 --- [task-1] o.hibernate.jpa.internal.util.LogHelper  : HHH000204: Processing PersistenceUnitInfo [name: default]
2020-07-08 11:54:39.858  INFO [user-service,,,] 5688 --- [task-1] org.hibernate.Version                    : HHH000412: Hibernate ORM core version 5.4.17.Final
2020-07-08 11:54:40.038  INFO [user-service,,,] 5688 --- [task-1] o.hibernate.annotations.common.Version   : HCANN000001: Hibernate Commons Annotations {5.1.0.Final}
2020-07-08 11:54:40.128  WARN [user-service,,,] 5688 --- [restartedMain] JpaBaseConfiguration$JpaWebConfiguration : spring.jpa.open-in-view is enabled by default. Therefore, database queries may be performed during view rendering. Explicitly configure spring.jpa.open-in-view to disable this warning
2020-07-08 11:54:40.178  INFO [user-service,,,] 5688 --- [task-1] com.zaxxer.hikari.HikariDataSource       : HikariPool-1 - Starting...
2020-07-08 11:54:40.468  INFO [user-service,,,] 5688 --- [task-1] com.zaxxer.hikari.HikariDataSource       : HikariPool-1 - Start completed.
2020-07-08 11:54:40.488  INFO [user-service,,,] 5688 --- [task-1] org.hibernate.dialect.Dialect            : HHH000400: Using dialect: org.hibernate.dialect.Oracle10gDialect
2020-07-08 11:54:40.648  INFO [user-service,,,] 5688 --- [restartedMain] o.s.b.a.e.web.EndpointLinksResolver      : Exposing 18 endpoint(s) beneath base path '/actuator'
2020-07-08 11:54:40.828  INFO [user-service,,,] 5688 --- [restartedMain] pertySourcedRequestMappingHandlerMapping : Mapped URL path [/v2/api-docs] onto method [springfox.documentation.swagger2.web.Swagger2Controller#getDocumentation(String, HttpServletRequest)]
2020-07-08 11:54:40.848  WARN [user-service,,,] 5688 --- [restartedMain] c.n.c.sources.URLConfigurationSource     : No URLs will be polled as dynamic configuration sources.
2020-07-08 11:54:40.858  INFO [user-service,,,] 5688 --- [restartedMain] c.n.c.sources.URLConfigurationSource     : To enable URLs as dynamic configuration sources, define System property archaius.configurationSource.additionalUrls or make config.properties available on classpath.
2020-07-08 11:54:41.068  INFO [user-service,,,] 5688 --- [restartedMain] o.s.b.d.a.OptionalLiveReloadServer       : LiveReload server is running on port 35729
2020-07-08 11:54:41.898  INFO [user-service,,,] 5688 --- [task-1] o.h.e.t.j.p.i.JtaPlatformInitiator       : HHH000490: Using JtaPlatform implementation: [org.hibernate.engine.transaction.jta.platform.internal.NoJtaPlatform]
2020-07-08 11:54:41.908  INFO [user-service,,,] 5688 --- [task-1] j.LocalContainerEntityManagerFactoryBean : Initialized JPA EntityManagerFactory for persistence unit 'default'
2020-07-08 11:54:42.218  WARN [user-service,,,] 5688 --- [restartedMain] ockingLoadBalancerClientRibbonWarnLogger : You already have RibbonLoadBalancerClient on your classpath. It will be used by default. As Spring Cloud Ribbon is in maintenance mode. We recommend switching to BlockingLoadBalancerClient instead. In order to use it, set the value of `spring.cloud.loadbalancer.ribbon.enabled` to `false` or remove spring-cloud-starter-netflix-ribbon from your project.
2020-07-08 11:54:42.358  INFO [user-service,,,] 5688 --- [restartedMain] o.s.c.n.eureka.InstanceInfoFactory       : Setting initial instance status as: STARTING
2020-07-08 11:54:42.398  INFO [user-service,,,] 5688 --- [restartedMain] com.netflix.discovery.DiscoveryClient    : Initializing Eureka in region us-east-1
2020-07-08 11:54:42.568  INFO [user-service,,,] 5688 --- [restartedMain] c.n.d.provider.DiscoveryJerseyProvider   : Using JSON encoding codec LegacyJacksonJson
2020-07-08 11:54:42.568  INFO [user-service,,,] 5688 --- [restartedMain] c.n.d.provider.DiscoveryJerseyProvider   : Using JSON decoding codec LegacyJacksonJson
2020-07-08 11:54:42.698  INFO [user-service,,,] 5688 --- [restartedMain] c.n.d.provider.DiscoveryJerseyProvider   : Using XML encoding codec XStreamXml
2020-07-08 11:54:42.698  INFO [user-service,,,] 5688 --- [restartedMain] c.n.d.provider.DiscoveryJerseyProvider   : Using XML decoding codec XStreamXml
2020-07-08 11:54:42.898  INFO [user-service,,,] 5688 --- [restartedMain] c.n.d.s.r.aws.ConfigClusterResolver      : Resolving eureka endpoints via configuration
2020-07-08 11:54:42.958  INFO [user-service,,,] 5688 --- [restartedMain] com.netflix.discovery.DiscoveryClient    : Disable delta property : false
2020-07-08 11:54:42.958  INFO [user-service,,,] 5688 --- [restartedMain] com.netflix.discovery.DiscoveryClient    : Single vip registry refresh property : null
2020-07-08 11:54:42.958  INFO [user-service,,,] 5688 --- [restartedMain] com.netflix.discovery.DiscoveryClient    : Force full registry fetch : false
2020-07-08 11:54:42.958  INFO [user-service,,,] 5688 --- [restartedMain] com.netflix.discovery.DiscoveryClient    : Application is null : false
2020-07-08 11:54:42.958  INFO [user-service,,,] 5688 --- [restartedMain] com.netflix.discovery.DiscoveryClient    : Registered Applications size is zero : true
2020-07-08 11:54:42.958  INFO [user-service,,,] 5688 --- [restartedMain] com.netflix.discovery.DiscoveryClient    : Application version is -1: true
2020-07-08 11:54:42.958  INFO [user-service,,,] 5688 --- [restartedMain] com.netflix.discovery.DiscoveryClient    : Getting all instance registry info from the eureka server
2020-07-08 11:54:43.058  INFO [user-service,,,] 5688 --- [restartedMain] com.netflix.discovery.DiscoveryClient    : The response status is 200
2020-07-08 11:54:43.058  INFO [user-service,,,] 5688 --- [restartedMain] com.netflix.discovery.DiscoveryClient    : Starting heartbeat executor: renew interval is: 30
2020-07-08 11:54:43.068  INFO [user-service,,,] 5688 --- [restartedMain] c.n.discovery.InstanceInfoReplicator     : InstanceInfoReplicator onDemand update allowed rate per min is 4
2020-07-08 11:54:43.068  INFO [user-service,,,] 5688 --- [restartedMain] com.netflix.discovery.DiscoveryClient    : Discovery Client initialized at timestamp 1594194883068 with initial instances count: 2
2020-07-08 11:54:43.068  INFO [user-service,,,] 5688 --- [restartedMain] o.s.c.n.e.s.EurekaServiceRegistry        : Registering application USER-SERVICE with eureka with status UP
2020-07-08 11:54:43.068  INFO [user-service,,,] 5688 --- [restartedMain] com.netflix.discovery.DiscoveryClient    : Saw local status change event StatusChangeEvent [timestamp=1594194883068, current=UP, previous=STARTING]
2020-07-08 11:54:43.088  INFO [user-service,,,] 5688 --- [DiscoveryClient-InstanceInfoReplicator-0] com.netflix.discovery.DiscoveryClient    : DiscoveryClient_USER-SERVICE/Yadigar-PC:user-service:8081: registering service...
2020-07-08 11:54:43.138  INFO [user-service,,,] 5688 --- [DiscoveryClient-InstanceInfoReplicator-0] com.netflix.discovery.DiscoveryClient    : DiscoveryClient_USER-SERVICE/Yadigar-PC:user-service:8081 - registration status: 204
2020-07-08 11:54:43.198  INFO [user-service,,,] 5688 --- [restartedMain] o.s.b.w.embedded.tomcat.TomcatWebServer  : Tomcat started on port(s): 8081 (http) with context path ''
2020-07-08 11:54:43.198  INFO [user-service,,,] 5688 --- [restartedMain] .s.c.n.e.s.EurekaAutoServiceRegistration : Updating port to 8081
2020-07-08 11:54:43.258  INFO [user-service,,,] 5688 --- [restartedMain] d.s.w.p.DocumentationPluginsBootstrapper : Context refreshed
2020-07-08 11:54:43.278  INFO [user-service,,,] 5688 --- [restartedMain] d.s.w.p.DocumentationPluginsBootstrapper : Found 1 custom documentation plugin(s)
2020-07-08 11:54:43.318  INFO [user-service,,,] 5688 --- [restartedMain] s.d.s.w.s.ApiListingReferenceScanner     : Scanning for api listing references
2020-07-08 11:54:43.468  INFO [user-service,,,] 5688 --- [restartedMain] DeferredRepositoryInitializationListener : Triggering deferred initialization of Spring Data repositories…
2020-07-08 11:54:43.788  INFO [user-service,,,] 5688 --- [restartedMain] DeferredRepositoryInitializationListener : Spring Data repositories initialized!
2020-07-08 11:54:43.818  INFO [user-service,,,] 5688 --- [restartedMain] c.e.b.s.u.UserServiceApplication         : Started UserServiceApplication in 11.764 seconds (JVM running for 14.288)
2020-07-08 11:54:44.218  INFO [user-service,,,] 5688 --- [RMI TCP Connection(5)-192.168.1.5] o.a.c.c.C.[Tomcat].[localhost].[/]       : Initializing Spring DispatcherServlet 'dispatcherServlet'
2020-07-08 11:54:44.218  INFO [user-service,,,] 5688 --- [RMI TCP Connection(5)-192.168.1.5] o.s.web.servlet.DispatcherServlet        : Initializing Servlet 'dispatcherServlet'
2020-07-08 11:54:44.238  INFO [user-service,,,] 5688 --- [RMI TCP Connection(4)-192.168.1.5] c.c.c.ConfigServicePropertySourceLocator : Fetching config from server at : http://localhost:8888
2020-07-08 11:54:44.238  INFO [user-service,,,] 5688 --- [RMI TCP Connection(5)-192.168.1.5] o.s.web.servlet.DispatcherServlet        : Completed initialization in 20 ms
2020-07-08 11:54:45.248  INFO [user-service,,,] 5688 --- [RMI TCP Connection(4)-192.168.1.5] c.c.c.ConfigServicePropertySourceLocator : Located environment: name=user-service, profiles=[dev], label=null, version=d23119449746975dc15901e430e0a287f97435e6, state=null
2020-07-08 11:54:52.058  INFO [user-service,,,] 5688 --- [http-nio-8081-exec-1] c.e.b.s.u.controller.UserController      : getDemoUser Method started
2020-07-08 11:54:52.118  INFO [user-service,,,] 5688 --- [http-nio-8081-exec-2] c.e.b.s.u.controller.UserController      : getDemoUser Method started
2020-07-08 11:54:52.198 ERROR [user-service,,,] 5688 --- [http-nio-8081-exec-1] c.e.b.s.u.controller.UserController      : getDemoUser Method finished
2020-07-08 11:54:52.288 ERROR [user-service,,,] 5688 --- [http-nio-8081-exec-2] c.e.b.s.u.controller.UserController      : getDemoUser Method finished
2020-07-08 11:54:52.378  INFO [user-service,,,] 5688 --- [http-nio-8081-exec-3] c.e.b.s.u.controller.UserController      : getDemoUser Method started
2020-07-08 11:54:52.508 ERROR [user-service,,,] 5688 --- [http-nio-8081-exec-3] c.e.b.s.u.controller.UserController      : getDemoUser Method finished
2020-07-08 11:54:52.518  INFO [user-service,,,] 5688 --- [http-nio-8081-exec-4] c.e.b.s.u.controller.UserController      : getDemoUser Method started
2020-07-08 11:54:52.648 ERROR [user-service,,,] 5688 --- [http-nio-8081-exec-4] c.e.b.s.u.controller.UserController      : getDemoUser Method finished
2020-07-08 11:54:52.738  INFO [user-service,,,] 5688 --- [http-nio-8081-exec-5] c.e.b.s.u.controller.UserController      : getDemoUser Method started
2020-07-08 11:54:52.878 ERROR [user-service,,,] 5688 --- [http-nio-8081-exec-5] c.e.b.s.u.controller.UserController      : getDemoUser Method finished
2020-07-08 11:54:52.978  INFO [user-service,,,] 5688 --- [http-nio-8081-exec-6] c.e.b.s.u.controller.UserController      : getDemoUser Method started
2020-07-08 11:54:53.098 ERROR [user-service,,,] 5688 --- [http-nio-8081-exec-6] c.e.b.s.u.controller.UserController      : getDemoUser Method finished
2020-07-08 11:54:53.108  INFO [user-service,,,] 5688 --- [http-nio-8081-exec-7] c.e.b.s.u.controller.UserController      : getDemoUser Method started
2020-07-08 11:54:53.238 ERROR [user-service,,,] 5688 --- [http-nio-8081-exec-7] c.e.b.s.u.controller.UserController      : getDemoUser Method finished
2020-07-08 11:54:53.308  INFO [user-service,,,] 5688 --- [http-nio-8081-exec-8] c.e.b.s.u.controller.UserController      : getDemoUser Method started
2020-07-08 11:54:53.428 ERROR [user-service,,,] 5688 --- [http-nio-8081-exec-8] c.e.b.s.u.controller.UserController      : getDemoUser Method finished
2020-07-08 11:54:53.508  INFO [user-service,,,] 5688 --- [http-nio-8081-exec-9] c.e.b.s.u.controller.UserController      : getDemoUser Method started
2020-07-08 11:54:53.638 ERROR [user-service,,,] 5688 --- [http-nio-8081-exec-9] c.e.b.s.u.controller.UserController      : getDemoUser Method finished
2020-07-08 11:54:53.718  INFO [user-service,,,] 5688 --- [http-nio-8081-exec-10] c.e.b.s.u.controller.UserController      : getDemoUser Method started
2020-07-08 11:54:53.848 ERROR [user-service,,,] 5688 --- [http-nio-8081-exec-10] c.e.b.s.u.controller.UserController      : getDemoUser Method finished
2020-07-08 11:54:53.918  INFO [user-service,,,] 5688 --- [http-nio-8081-exec-1] c.e.b.s.u.controller.UserController      : getDemoUser Method started
2020-07-08 11:54:54.048 ERROR [user-service,,,] 5688 --- [http-nio-8081-exec-1] c.e.b.s.u.controller.UserController      : getDemoUser Method finished
2020-07-08 11:54:54.118  INFO [user-service,,,] 5688 --- [http-nio-8081-exec-2] c.e.b.s.u.controller.UserController      : getDemoUser Method started
2020-07-08 11:54:54.238 ERROR [user-service,,,] 5688 --- [http-nio-8081-exec-2] c.e.b.s.u.controller.UserController      : getDemoUser Method finished
