2020-07-07 12:46:07.030  INFO [post-service,,,] 1436 --- [main] c.e.b.s.p.PostserviceApplication         : The following profiles are active: dev
2020-07-07 12:46:09.182  INFO [post-service,,,] 1436 --- [main] .s.d.r.c.RepositoryConfigurationDelegate : Bootstrapping Spring Data JPA repositories in DEFERRED mode.
2020-07-07 12:46:09.322  INFO [post-service,,,] 1436 --- [main] .s.d.r.c.RepositoryConfigurationDelegate : Finished Spring Data repository scanning in 125ms. Found 2 JPA repository interfaces.
2020-07-07 12:46:09.542  WARN [post-service,,,] 1436 --- [main] o.s.boot.actuate.endpoint.EndpointId     : Endpoint ID 'service-registry' contains invalid characters, please migrate to a valid format.
2020-07-07 12:46:10.052  INFO [post-service,,,] 1436 --- [main] o.s.cloud.context.scope.GenericScope     : BeanFactory id=e7affd0b-874f-3f97-b207-d290ac76b2b9
2020-07-07 12:46:11.236  INFO [post-service,,,] 1436 --- [main] o.s.b.w.embedded.tomcat.TomcatWebServer  : Tomcat initialized with port(s): 7071 (http)
2020-07-07 12:46:11.246  INFO [post-service,,,] 1436 --- [main] o.apache.catalina.core.StandardService   : Starting service [Tomcat]
2020-07-07 12:46:11.246  INFO [post-service,,,] 1436 --- [main] org.apache.catalina.core.StandardEngine  : Starting Servlet engine: [Apache Tomcat/9.0.36]
2020-07-07 12:46:11.548  INFO [post-service,,,] 1436 --- [main] o.a.c.c.C.[Tomcat].[localhost].[/]       : Initializing Spring embedded WebApplicationContext
2020-07-07 12:46:11.548  INFO [post-service,,,] 1436 --- [main] w.s.c.ServletWebServerApplicationContext : Root WebApplicationContext: initialization completed in 4488 ms
2020-07-07 12:46:11.810  WARN [post-service,,,] 1436 --- [main] c.n.c.sources.URLConfigurationSource     : No URLs will be polled as dynamic configuration sources.
2020-07-07 12:46:11.810  INFO [post-service,,,] 1436 --- [main] c.n.c.sources.URLConfigurationSource     : To enable URLs as dynamic configuration sources, define System property archaius.configurationSource.additionalUrls or make config.properties available on classpath.
2020-07-07 12:46:11.820  INFO [post-service,,,] 1436 --- [main] c.netflix.config.DynamicPropertyFactory  : DynamicPropertyFactory is initialized with configuration sources: com.netflix.config.ConcurrentCompositeConfiguration@54bc3bcf
2020-07-07 12:46:13.772  INFO [post-service,,,] 1436 --- [main] o.s.s.concurrent.ThreadPoolTaskExecutor  : Initializing ExecutorService 'applicationTaskExecutor'
2020-07-07 12:46:13.852  INFO [post-service,,,] 1436 --- [task-1] o.hibernate.jpa.internal.util.LogHelper  : HHH000204: Processing PersistenceUnitInfo [name: default]
2020-07-07 12:46:13.932  INFO [post-service,,,] 1436 --- [task-1] org.hibernate.Version                    : HHH000412: Hibernate ORM core version 5.4.17.Final
2020-07-07 12:46:14.342  INFO [post-service,,,] 1436 --- [task-1] o.hibernate.annotations.common.Version   : HCANN000001: Hibernate Commons Annotations {5.1.0.Final}
2020-07-07 12:46:14.572  INFO [post-service,,,] 1436 --- [task-1] com.zaxxer.hikari.HikariDataSource       : HikariPool-1 - Starting...
2020-07-07 12:46:14.764  WARN [post-service,,,] 1436 --- [main] JpaBaseConfiguration$JpaWebConfiguration : spring.jpa.open-in-view is enabled by default. Therefore, database queries may be performed during view rendering. Explicitly configure spring.jpa.open-in-view to disable this warning
2020-07-07 12:46:15.086  INFO [post-service,,,] 1436 --- [main] o.s.b.a.e.web.EndpointLinksResolver      : Exposing 18 endpoint(s) beneath base path '/actuator'
2020-07-07 12:46:15.386  INFO [post-service,,,] 1436 --- [main] pertySourcedRequestMappingHandlerMapping : Mapped URL path [/v2/api-docs] onto method [springfox.documentation.swagger2.web.Swagger2Controller#getDocumentation(String, HttpServletRequest)]
2020-07-07 12:46:15.436  INFO [post-service,,,] 1436 --- [task-1] com.zaxxer.hikari.HikariDataSource       : HikariPool-1 - Start completed.
2020-07-07 12:46:15.716  INFO [post-service,,,] 1436 --- [task-1] org.hibernate.dialect.Dialect            : HHH000400: Using dialect: org.hibernate.dialect.Oracle10gDialect
2020-07-07 12:46:15.726  WARN [post-service,,,] 1436 --- [main] c.n.c.sources.URLConfigurationSource     : No URLs will be polled as dynamic configuration sources.
2020-07-07 12:46:15.736  INFO [post-service,,,] 1436 --- [main] c.n.c.sources.URLConfigurationSource     : To enable URLs as dynamic configuration sources, define System property archaius.configurationSource.additionalUrls or make config.properties available on classpath.
2020-07-07 12:46:17.466  INFO [post-service,,,] 1436 --- [task-1] o.h.e.t.j.p.i.JtaPlatformInitiator       : HHH000490: Using JtaPlatform implementation: [org.hibernate.engine.transaction.jta.platform.internal.NoJtaPlatform]
2020-07-07 12:46:17.466  INFO [post-service,,,] 1436 --- [task-1] j.LocalContainerEntityManagerFactoryBean : Initialized JPA EntityManagerFactory for persistence unit 'default'
2020-07-07 12:46:17.906  WARN [post-service,,,] 1436 --- [main] ockingLoadBalancerClientRibbonWarnLogger : You already have RibbonLoadBalancerClient on your classpath. It will be used by default. As Spring Cloud Ribbon is in maintenance mode. We recommend switching to BlockingLoadBalancerClient instead. In order to use it, set the value of `spring.cloud.loadbalancer.ribbon.enabled` to `false` or remove spring-cloud-starter-netflix-ribbon from your project.
2020-07-07 12:46:18.326  INFO [post-service,,,] 1436 --- [main] o.s.c.n.eureka.InstanceInfoFactory       : Setting initial instance status as: STARTING
2020-07-07 12:46:18.366  INFO [post-service,,,] 1436 --- [main] com.netflix.discovery.DiscoveryClient    : Initializing Eureka in region us-east-1
2020-07-07 12:46:18.526  INFO [post-service,,,] 1436 --- [main] c.n.d.provider.DiscoveryJerseyProvider   : Using JSON encoding codec LegacyJacksonJson
2020-07-07 12:46:18.526  INFO [post-service,,,] 1436 --- [main] c.n.d.provider.DiscoveryJerseyProvider   : Using JSON decoding codec LegacyJacksonJson
2020-07-07 12:46:18.646  INFO [post-service,,,] 1436 --- [main] c.n.d.provider.DiscoveryJerseyProvider   : Using XML encoding codec XStreamXml
2020-07-07 12:46:18.646  INFO [post-service,,,] 1436 --- [main] c.n.d.provider.DiscoveryJerseyProvider   : Using XML decoding codec XStreamXml
2020-07-07 12:46:18.826  INFO [post-service,,,] 1436 --- [main] c.n.d.s.r.aws.ConfigClusterResolver      : Resolving eureka endpoints via configuration
2020-07-07 12:46:18.886  INFO [post-service,,,] 1436 --- [main] com.netflix.discovery.DiscoveryClient    : Disable delta property : false
2020-07-07 12:46:18.886  INFO [post-service,,,] 1436 --- [main] com.netflix.discovery.DiscoveryClient    : Single vip registry refresh property : null
2020-07-07 12:46:18.886  INFO [post-service,,,] 1436 --- [main] com.netflix.discovery.DiscoveryClient    : Force full registry fetch : false
2020-07-07 12:46:18.886  INFO [post-service,,,] 1436 --- [main] com.netflix.discovery.DiscoveryClient    : Application is null : false
2020-07-07 12:46:18.886  INFO [post-service,,,] 1436 --- [main] com.netflix.discovery.DiscoveryClient    : Registered Applications size is zero : true
2020-07-07 12:46:18.886  INFO [post-service,,,] 1436 --- [main] com.netflix.discovery.DiscoveryClient    : Application version is -1: true
2020-07-07 12:46:18.886  INFO [post-service,,,] 1436 --- [main] com.netflix.discovery.DiscoveryClient    : Getting all instance registry info from the eureka server
2020-07-07 12:46:18.986  INFO [post-service,,,] 1436 --- [main] com.netflix.discovery.DiscoveryClient    : The response status is 200
2020-07-07 12:46:18.986  INFO [post-service,,,] 1436 --- [main] com.netflix.discovery.DiscoveryClient    : Starting heartbeat executor: renew interval is: 30
2020-07-07 12:46:18.996  INFO [post-service,,,] 1436 --- [main] c.n.discovery.InstanceInfoReplicator     : InstanceInfoReplicator onDemand update allowed rate per min is 4
2020-07-07 12:46:18.996  INFO [post-service,,,] 1436 --- [main] com.netflix.discovery.DiscoveryClient    : Discovery Client initialized at timestamp 1594111578996 with initial instances count: 2
2020-07-07 12:46:19.006  INFO [post-service,,,] 1436 --- [main] o.s.c.n.e.s.EurekaServiceRegistry        : Registering application POST-SERVICE with eureka with status UP
2020-07-07 12:46:19.006  INFO [post-service,,,] 1436 --- [main] com.netflix.discovery.DiscoveryClient    : Saw local status change event StatusChangeEvent [timestamp=1594111579006, current=UP, previous=STARTING]
2020-07-07 12:46:19.006  INFO [post-service,,,] 1436 --- [DiscoveryClient-InstanceInfoReplicator-0] com.netflix.discovery.DiscoveryClient    : DiscoveryClient_POST-SERVICE/Yadigar-PC:post-service:7071: registering service...
2020-07-07 12:46:19.046  INFO [post-service,,,] 1436 --- [DiscoveryClient-InstanceInfoReplicator-0] com.netflix.discovery.DiscoveryClient    : DiscoveryClient_POST-SERVICE/Yadigar-PC:post-service:7071 - registration status: 204
2020-07-07 12:46:19.096  INFO [post-service,,,] 1436 --- [main] o.s.b.w.embedded.tomcat.TomcatWebServer  : Tomcat started on port(s): 7071 (http) with context path ''
2020-07-07 12:46:19.096  INFO [post-service,,,] 1436 --- [main] .s.c.n.e.s.EurekaAutoServiceRegistration : Updating port to 7071
2020-07-07 12:46:19.176  INFO [post-service,,,] 1436 --- [main] d.s.w.p.DocumentationPluginsBootstrapper : Context refreshed
2020-07-07 12:46:19.206  INFO [post-service,,,] 1436 --- [main] d.s.w.p.DocumentationPluginsBootstrapper : Found 1 custom documentation plugin(s)
2020-07-07 12:46:19.276  INFO [post-service,,,] 1436 --- [main] s.d.s.w.s.ApiListingReferenceScanner     : Scanning for api listing references
2020-07-07 12:46:19.386  INFO [post-service,,,] 1436 --- [main] DeferredRepositoryInitializationListener : Triggering deferred initialization of Spring Data repositories…
2020-07-07 12:46:19.796  INFO [post-service,,,] 1436 --- [main] DeferredRepositoryInitializationListener : Spring Data repositories initialized!
2020-07-07 12:46:19.826  INFO [post-service,,,] 1436 --- [main] c.e.b.s.p.PostserviceApplication         : Started PostserviceApplication in 15.968 seconds (JVM running for 17.907)
